<?xml version="1.0" encoding="UTF-8"?>
<testng-results ignored="0" total="1" passed="1" failed="0" skipped="0">
  <reporter-output>
  </reporter-output>
  <suite started-at="2024-05-02T17:57:09 IST" name="Default suite" finished-at="2024-05-02T17:57:30 IST" duration-ms="20930">
    <groups>
    </groups>
    <test started-at="2024-05-02T17:57:09 IST" name="Default test" finished-at="2024-05-02T17:57:30 IST" duration-ms="20930">
      <class name="RajTensile.RajTensile.RajTensileSturucture">
        <test-method is-config="true" signature="Home()[pri:0, instance:RajTensile.RajTensile.RajTensileSturucture@60957c0f]" started-at="2024-05-02T17:57:09 IST" name="Home" finished-at="2024-05-02T17:57:13 IST" duration-ms="4104" status="PASS">
          <reporter-output>
          </reporter-output>
        </test-method> <!-- Home -->
        <test-method signature="homepage()[pri:0, instance:RajTensile.RajTensile.RajTensileSturucture@60957c0f]" started-at="2024-05-02T17:57:13 IST" name="homepage" finished-at="2024-05-02T17:57:30 IST" duration-ms="16756" status="PASS">
          <reporter-output>
          </reporter-output>
        </test-method> <!-- homepage -->
      </class> <!-- RajTensile.RajTensile.RajTensileSturucture -->
    </test> <!-- Default test -->
  </suite> <!-- Default suite -->
</testng-results>
